[2023-07-21 16:55:04,063] {taskinstance.py:1179} INFO - Dependencies all met for <TaskInstance: dag_con_conexion_postgres.crear_tabla scheduled__2023-07-19T00:00:00+00:00 [queued]>
[2023-07-21 16:55:05,473] {taskinstance.py:1179} INFO - Dependencies all met for <TaskInstance: dag_con_conexion_postgres.crear_tabla scheduled__2023-07-19T00:00:00+00:00 [queued]>
[2023-07-21 16:55:05,500] {taskinstance.py:1376} INFO - 
--------------------------------------------------------------------------------
[2023-07-21 16:55:05,511] {taskinstance.py:1377} INFO - Starting attempt 1 of 1
[2023-07-21 16:55:05,530] {taskinstance.py:1378} INFO - 
--------------------------------------------------------------------------------
[2023-07-21 16:55:09,888] {taskinstance.py:1397} INFO - Executing <Task(PythonOperator): crear_tabla> on 2023-07-19 00:00:00+00:00
[2023-07-21 16:55:10,752] {standard_task_runner.py:52} INFO - Started process 13321 to run task
[2023-07-21 16:55:11,335] {standard_task_runner.py:79} INFO - Running: ['***', 'tasks', 'run', 'dag_con_conexion_postgres', 'crear_tabla', 'scheduled__2023-07-19T00:00:00+00:00', '--job-id', '71', '--raw', '--subdir', 'DAGS_FOLDER/dag_etl_paises.py', '--cfg-path', '/tmp/tmpg2jvhb28', '--error-file', '/tmp/tmpcuojljkd']
[2023-07-21 16:55:11,385] {standard_task_runner.py:80} INFO - Job 71: Subtask crear_tabla
[2023-07-21 16:55:16,136] {task_command.py:371} INFO - Running <TaskInstance: dag_con_conexion_postgres.crear_tabla scheduled__2023-07-19T00:00:00+00:00 [running]> on host bd4a51b00e09
[2023-07-21 16:55:24,836] {taskinstance.py:1591} INFO - Exporting the following env vars:
AIRFLOW_CTX_DAG_OWNER=Belenpintor
AIRFLOW_CTX_DAG_ID=dag_con_conexion_postgres
AIRFLOW_CTX_TASK_ID=crear_tabla
AIRFLOW_CTX_EXECUTION_DATE=2023-07-19T00:00:00+00:00
AIRFLOW_CTX_TRY_NUMBER=1
AIRFLOW_CTX_DAG_RUN_ID=scheduled__2023-07-19T00:00:00+00:00
[2023-07-21 16:55:24,905] {logging_mixin.py:115} INFO - creando conexion
[2023-07-21 16:55:26,265] {script_etl.py:20} INFO - DB_USER probando usuario 2: bapintor_coderhouse
[2023-07-21 16:55:26,271] {logging_mixin.py:115} INFO - usuario probando 2 bapintor_coderhouse
[2023-07-21 16:55:27,770] {logging_mixin.py:115} INFO - Conexión exitosa a la base de datos
[2023-07-21 16:55:28,304] {python.py:173} INFO - Done. Returned value was: None
[2023-07-21 16:55:29,085] {taskinstance.py:1420} INFO - Marking task as SUCCESS. dag_id=dag_con_conexion_postgres, task_id=crear_tabla, execution_date=20230719T000000, start_date=20230721T165504, end_date=20230721T165529
[2023-07-21 16:55:29,404] {local_task_job.py:156} INFO - Task exited with return code 0
[2023-07-21 16:55:29,937] {local_task_job.py:273} INFO - 1 downstream tasks scheduled from follow-on schedule check
