[2023-07-21 16:55:04,767] {taskinstance.py:1179} INFO - Dependencies all met for <TaskInstance: dag_con_conexion_postgres.crear_tabla scheduled__2023-07-20T00:00:00+00:00 [queued]>
[2023-07-21 16:55:06,319] {taskinstance.py:1179} INFO - Dependencies all met for <TaskInstance: dag_con_conexion_postgres.crear_tabla scheduled__2023-07-20T00:00:00+00:00 [queued]>
[2023-07-21 16:55:06,879] {taskinstance.py:1376} INFO - 
--------------------------------------------------------------------------------
[2023-07-21 16:55:07,644] {taskinstance.py:1377} INFO - Starting attempt 1 of 1
[2023-07-21 16:55:07,657] {taskinstance.py:1378} INFO - 
--------------------------------------------------------------------------------
[2023-07-21 16:55:09,849] {taskinstance.py:1397} INFO - Executing <Task(PythonOperator): crear_tabla> on 2023-07-20 00:00:00+00:00
[2023-07-21 16:55:10,096] {standard_task_runner.py:52} INFO - Started process 13320 to run task
[2023-07-21 16:55:10,405] {standard_task_runner.py:79} INFO - Running: ['***', 'tasks', 'run', 'dag_con_conexion_postgres', 'crear_tabla', 'scheduled__2023-07-20T00:00:00+00:00', '--job-id', '72', '--raw', '--subdir', 'DAGS_FOLDER/dag_etl_paises.py', '--cfg-path', '/tmp/tmp0b5vhsx2', '--error-file', '/tmp/tmpow8_8gfa']
[2023-07-21 16:55:10,484] {standard_task_runner.py:80} INFO - Job 72: Subtask crear_tabla
[2023-07-21 16:55:15,784] {task_command.py:371} INFO - Running <TaskInstance: dag_con_conexion_postgres.crear_tabla scheduled__2023-07-20T00:00:00+00:00 [running]> on host bd4a51b00e09
[2023-07-21 16:55:24,783] {taskinstance.py:1591} INFO - Exporting the following env vars:
AIRFLOW_CTX_DAG_OWNER=Belenpintor
AIRFLOW_CTX_DAG_ID=dag_con_conexion_postgres
AIRFLOW_CTX_TASK_ID=crear_tabla
AIRFLOW_CTX_EXECUTION_DATE=2023-07-20T00:00:00+00:00
AIRFLOW_CTX_TRY_NUMBER=1
AIRFLOW_CTX_DAG_RUN_ID=scheduled__2023-07-20T00:00:00+00:00
[2023-07-21 16:55:24,819] {logging_mixin.py:115} INFO - creando conexion
[2023-07-21 16:55:25,996] {script_etl.py:20} INFO - DB_USER probando usuario 2: bapintor_coderhouse
[2023-07-21 16:55:26,015] {logging_mixin.py:115} INFO - usuario probando 2 bapintor_coderhouse
[2023-07-21 16:55:27,458] {logging_mixin.py:115} INFO - Conexión exitosa a la base de datos
[2023-07-21 16:55:28,069] {python.py:173} INFO - Done. Returned value was: None
[2023-07-21 16:55:28,793] {taskinstance.py:1420} INFO - Marking task as SUCCESS. dag_id=dag_con_conexion_postgres, task_id=crear_tabla, execution_date=20230720T000000, start_date=20230721T165504, end_date=20230721T165528
[2023-07-21 16:55:29,046] {local_task_job.py:156} INFO - Task exited with return code 0
[2023-07-21 16:55:29,728] {local_task_job.py:273} INFO - 1 downstream tasks scheduled from follow-on schedule check
